Lane Data Outputing...
==================================
NO.: 1 Time: 0 4 18 175 ID: 0 -4.01333 -0.00415757 0.000544042 -2.34679e-06 8.8  29.4 ID: 1 -4.00804 0.0176676 0.000154816 -2.238e-07 8.6  27.6033 ID: 2 2.01366 0.0600267 -0.000155197 2.18119e-07 6.2  18.746 ID: 3 2.11436 0.096192 -0.000975109 6.84034e-06 6.1  27.8 
NO.: 2 Time: 0 4 18 225 ID: 0 -4.09588 0.00292518 0.000437918 -1.56632e-06 8.8  28.9 ID: 1 -4.07213 0.023529 0.000131497 -1.9413e-07 8.6  27.4536 ID: 2 1.9962 0.0618087 -0.000173345 1.41238e-07 6.2  18.8245 ID: 3 2.15907 0.0864205 -0.000566701 1.99996e-06 6.1  27.1 
NO.: 3 Time: 0 4 18 275 ID: 0 -4.12584 0.00415979 0.000409097 -1.35895e-06 8.8  27.7 ID: 1 -4.05556 0.020965 0.00015803 -2.27734e-07 8.7  26.1279 ID: 2 1.98425 0.0639873 -0.000163112 1.62281e-07 6.2  18.7858 ID: 3 2.124 0.0940411 -0.000871739 4.81295e-06 6.1  26.4 
NO.: 4 Time: 0 4 18 325 ID: 0 -4.31995 0.0371757 3.13686e-05 -5.5617e-08 13.4  25.9108 ID: 1 -4.23104 0.0123515 0.000411938 -1.81516e-06 8.7  25.7 ID: 2 2.02756 0.058773 -0.000153043 2.39777e-07 6.2  18.8279 ID: 3 2.09935 0.0983341 -0.00107571 6.65552e-06 6.1  25.8 
NO.: 5 Time: 0 4 18 375 ID: 4 -4.16941 0.00747021 0.000526159 -2.72435e-06 8.7  24.1 ID: 0 -4.08478 0.0227384 0.00013519 -2.32438e-07 8.7  25.8807 ID: 1 -1.21452 0.0363169 1.80569e-05 -1.96034e-08 11.5  14.4027 ID: 2 1.98337 0.0638717 -0.000174665 1.68619e-07 6.2  19.1272 ID: 3 2.03124 0.106516 -0.00131266 8.5324e-06 6.1  25.6 
NO.: 6 Time: 0 4 18 425 ID: 4 -4.11099 0.0332144 4.27872e-05 -7.12939e-08 8.6  23.1828 ID: 0 -4.08992 0.0290777 0.000112016 -4.11697e-07 8.4  22 ID: 1 -1.2176 0.0372225 8.03392e-06 -2.32072e-09 11.5  14.3735 ID: 2 1.99035 0.0628271 -0.000151488 1.82587e-07 6.2  19.5654 ID: 3 2.10768 0.0899756 -0.000596648 2.33062e-06 6.1  25.2 
NO.: 7 Time: 0 4 18 475 ID: 4 -4.18605 0.0419243 2.80957e-05 -1.16277e-07 8.6  22.0468 ID: 0 -4.15738 0.0263909 0.000276313 -1.30146e-06 8.4  21.9 ID: 1 -1.269 0.0418201 2.33375e-05 -6.32397e-08 11.5  13.6012 ID: 2 2.00476 0.0619907 -0.000150114 1.87802e-07 6.2  19.5476 ID: 3 2.03751 0.103442 -0.00114441 7.15619e-06 6.1  25.4 
NO.: 8 Time: 0 4 18 525 ID: 0 -4.11467 0.0202742 0.000188528 -8.84103e-07 8.5  21 ID: 1 -4.07127 0.0215664 0.00017906 -3.18606e-07 8.5  22.0873 ID: 2 1.98149 0.064018 -0.00017357 1.84204e-07 6.2  19.6 ID: 3 2.10746 0.0977251 -0.000948674 5.52071e-06 6.2  25.5 
NO.: 9 Time: 0 4 18 575 ID: 0 -4.22809 0.038521 2.64468e-05 -8.01855e-08 9.7  22.0868 ID: 1 -4.20018 0.0260378 0.00022749 -1.04461e-06 8.5  21 ID: 2 1.98389 0.0639538 -0.000175607 1.42206e-07 6.2  19.9312 ID: 3 2.14271 0.100433 -0.00114406 7.32509e-06 6.1  24.3 
NO.: 10 Time: 0 4 18 625 ID: 0 -4.15296 0.0190821 0.000246726 -7.16182e-07 8.5  21.6 ID: 1 -4.09469 0.0248443 0.0001505 -2.42269e-07 8.6  21.9241 ID: 2 1.99953 0.0617121 -0.00016152 2.19957e-07 6.2  19.9793 ID: 3 2.11422 0.102573 -0.00125542 8.33965e-06 6.1  24.4 
NO.: 11 Time: 0 4 18 675 ID: 0 -4.11744 0.0156502 0.000169217 -4.82182e-07 8.5  22.5 ID: 1 -4.06794 0.0222845 0.000159765 -2.07052e-07 8.8  21.9278 ID: 2 1.98042 0.0633141 -0.000165296 1.58557e-07 6.2  19.6396 ID: 3 2.18597 0.0954327 -0.00104046 6.72414e-06 6  24.9 
NO.: 12 Time: 0 4 18 725 ID: 0 -4.20895 0.017843 0.000364356 -1.61762e-06 8.6  22.2 ID: 1 -4.19685 0.0397078 2.72444e-05 -5.48335e-08 9.3  22.4065 ID: 2 1.97087 0.0649374 -0.00016965 1.54032e-07 6.2  20.7331 ID: 3 2.06431 0.10474 -0.0012937 8.75831e-06 6  25.8 
NO.: 13 Time: 0 4 18 775 ID: 0 -4.15082 0.0147665 0.000237737 -5.16499e-07 8.6  22.5 ID: 1 -4.0186 0.0177421 0.000188293 -2.76338e-07 8.5  21.5204 ID: 2 2.01798 0.0591699 -0.000154045 1.88529e-07 6.2  20.7262 ID: 3 2.20992 0.0822242 -0.000533871 2.02651e-06 6  25.6 
NO.: 14 Time: 0 4 18 825 ID: 0 -4.2393 0.0293665 7.6672e-05 -5.94335e-08 13.3  21.9311 ID: 1 -4.17767 0.0146888 0.000303843 -1.11002e-06 8.6  22.8 ID: 2 1.99937 0.0611589 -0.000152637 1.91205e-07 6.2  20.7206 ID: 3 2.17978 0.0878596 -0.000802992 4.51456e-06 6  26 
NO.: 15 Time: 0 4 18 875 ID: 0 -4.11743 0.00869146 0.000456043 -2.21579e-06 8.6  21.6 ID: 1 -4.09968 0.0230458 0.000155325 -3.53998e-07 8.5  21.8994 ID: 2 1.98834 0.0634562 -0.000167227 1.53495e-07 6.2  20.8729 ID: 3 2.2305 0.083301 -0.000715303 3.96729e-06 6.2  26.8 
NO.: 16 Time: 0 4 18 925 ID: 0 -4.15186 0.011727 0.000334677 -1.18636e-06 8.6  22.7 ID: 1 -4.13572 0.025013 0.000128012 -2.27847e-07 9.7  21.5385 ID: 2 1.99248 0.0627234 -0.000176391 1.47966e-07 6.2  20.7386 ID: 3 2.14366 0.0952492 -0.00110405 7.26048e-06 6.2  27.5 
NO.: 17 Time: 0 4 18 975 ID: 0 -4.18356 0.0134044 0.000300993 -1.02108e-06 8.6  22.5 ID: 1 -4.07337 0.0240948 0.000132803 -2.34688e-07 8.5  20.8343 ID: 2 1.90127 0.072382 -0.000182277 -1.6118e-07 6.2  22.0134 ID: 3 2.21557 0.0792548 -0.000314472 5.2512e-07 6.2  28.6 
NO.: 18 Time: 0 4 19 25 ID: 0 -4.1655 0.0103625 0.000468526 -2.48808e-06 8.6  21.6 ID: 1 -4.10578 0.0317396 7.60788e-05 -1.39532e-07 8.6  21.9256 ID: 2 1.86174 0.0755313 -0.00015621 -2.80978e-07 6.2  23.1998 ID: 3 2.1419 0.0863146 -0.000468389 1.74272e-06 6.2  32.3 
NO.: 19 Time: 0 4 19 75 ID: 0 -4.20236 0.0155132 0.00026288 -8.46047e-07 8.6  21.6 ID: 1 -4.18626 0.0251026 0.000108393 -1.12863e-07 12.1  21.5229 ID: 2 1.85494 0.0756405 -0.000112758 -3.92443e-07 6.2  24.7411 ID: 3 2.1144 0.0847915 -0.000316317 3.63404e-07 6.2  37.8 
NO.: 20 Time: 0 4 19 125 ID: 0 -4.08393 0.0027722 0.000511178 -2.35234e-06 8.6  22 ID: 1 -4.04384 0.0191239 0.00016378 -2.33254e-07 8.6  21.9131 ID: 2 1.8607 0.0750872 -0.000108239 -4.24735e-07 6.2  26.1046 ID: 3 1.97664 0.0975806 -0.000529849 1.60606e-06 6.2  42.1 
NO.: 21 Time: 0 4 19 175 ID: 0 -4.0494 0.00117041 0.000359048 -1.39429e-06 8.6  22.4 ID: 1 -4.01595 0.0167344 0.000185006 -3.26983e-07 8.6  21.9967 ID: 2 1.85455 0.0758648 -0.000111824 -4.18551e-07 6.2  27.4777 ID: 3 1.94241 0.105553 -0.000777095 3.69827e-06 6.2  44.1 
NO.: 22 Time: 0 4 19 225 ID: 0 -4.16959 0.0265314 0.000287421 -1.11605e-06 8.6  21.5174 ID: 1 -4.10917 0.035581 0.000245562 -9.44279e-07 8.2  27.8 ID: 2 1.86331 0.0752431 -0.000127469 -2.90938e-07 6.2  29.4594 ID: 3 1.92445 0.111515 -0.000964944 5.20553e-06 6.2  43.4 
NO.: 23 Time: 0 4 19 275 ID: 0 -4.21704 0.0431603 3.01583e-05 -1.18229e-08 8.6  20.8713 ID: 1 -4.11197 0.0358547 0.000239949 -9.1343e-07 8.2  27.8 ID: 2 1.85448 0.0756313 -0.00011628 -3.68007e-07 6.2  29.3267 ID: 3 1.94725 0.111751 -0.000965612 5.23307e-06 6.2  45.9 
NO.: 24 Time: 0 4 19 325 ID: 0 -4.15259 0.0262706 0.000156912 -2.98217e-07 8.7  20.8503 ID: 1 -4.11469 0.036121 0.00023449 -8.83432e-07 8.2  27.8 ID: 2 1.83734 0.0757753 -7.01315e-05 -4.87948e-07 6.2  31.3145 ID: 3 1.99915 0.105548 -0.000805078 4.2705e-06 6.1  51.1 
NO.: 25 Time: 0 4 19 375 ID: 0 -4.29083 0.0359194 0.000211035 -9.16319e-07 8.7  20.7204 ID: 1 -4.11734 0.0363799 0.000229181 -8.5426e-07 8.2  27.8 ID: 2 1.86324 0.0746398 -0.000127831 -2.14197e-07 6.2  31.435 ID: 3 2.02667 0.100332 -0.000664175 3.18184e-06 6.1  54.5 
NO.: 26 Time: 0 4 19 425 ID: 0 -4.07022 0.0209685 0.000186455 -3.46724e-07 8.6  20.7988 ID: 1 -4.03097 0.0184785 0.000470327 -2.17213e-06 8.3  27.5 ID: 2 1.85421 0.0746781 -7.97009e-05 -4.63196e-07 6.2  33.4701 ID: 3 2.0737 0.096723 -0.000583029 2.70845e-06 6.1  56 
NO.: 27 Time: 0 4 19 475 ID: 0 -4.06325 0.020203 0.000175836 -2.10955e-07 8.5  20.83 ID: 1 -4.03545 0.0157418 0.000255845 -6.17977e-07 8.4  27.4 ID: 2 1.85556 0.0753325 -0.000108776 -4.06212e-07 6.2  36.1697 ID: 3 2.10665 0.0955199 -0.000535416 2.19153e-06 6.1  56.6 
NO.: 28 Time: 0 4 19 525 ID: 0 -4.16253 0.0210393 0.00028494 -1.14091e-06 8.5  25.2 ID: 1 -4.15721 0.0361111 5.12152e-05 -4.65937e-08 8.6  19.6321 ID: 2 1.85091 0.076003 -0.000109929 -4.2471e-07 6.2  36.3406 ID: 3 2.04523 0.101252 -0.000617315 2.7053e-06 6.1  63.8 
NO.: 29 Time: 0 4 19 575 ID: 0 -4.19582 0.0222002 0.000299389 -1.47629e-06 8.6  23.2 ID: 1 -4.16213 0.0360263 3.88287e-05 -1.14436e-07 8.6  19.6275 ID: 2 1.85059 0.0761497 -0.000107854 -4.52411e-07 6.2  39.4158 ID: 3 2.03077 0.104126 -0.000786116 4.35221e-06 6.1  64.3 
NO.: 30 Time: 0 4 19 625 ID: 0 -4.14897 0.015547 0.00026104 -7.61099e-07 8.6  27.1 ID: 1 -4.09766 0.0225654 0.000148305 -2.24459e-07 8.6  19.5271 ID: 2 1.84635 0.0762038 -7.88828e-05 -5.25564e-07 6.2  39.0913 ID: 3 2.02803 0.101225 -0.000655208 3.18956e-06 6.1  62.9 
NO.: 31 Time: 0 4 19 675 ID: 0 -4.20555 0.0194055 0.000286662 -1.45228e-06 8.6  33.2 ID: 1 -4.16789 0.0361725 3.40528e-05 -1.85117e-07 8.6  19.9286 ID: 2 1.84493 0.0761799 -7.21769e-05 -5.51906e-07 6.2  39.2279 ID: 3 1.99669 0.10911 -0.000901672 5.23392e-06 6.1  61.3 
NO.: 32 Time: 0 4 19 725 ID: 0 -4.2113 0.0195202 0.000331374 -1.87853e-06 8.6  29.5 ID: 1 -4.14749 0.0342101 5.85771e-05 -1.34172e-07 8.5  19.197 ID: 2 1.82213 0.0775738 -5.9774e-05 -6.10536e-07 6.2  39.7018 ID: 3 1.99372 0.106449 -0.00079468 4.44749e-06 6.1  63.7 
NO.: 33 Time: 0 4 19 775 ID: 0 -4.19223 0.0163039 0.000296373 -1.14669e-06 8.6  28.3 ID: 1 -4.10012 0.0276834 0.000120775 -3.37205e-07 8.5  19.9366 ID: 2 1.85452 0.0754687 -0.00010541 -4.58229e-07 6.2  42.9131 ID: 3 1.98477 0.1078 -0.00082479 4.51137e-06 6.1  65.8 
NO.: 34 Time: 0 4 19 825 ID: 0 -4.19561 0.0166352 0.000289579 -1.10934e-06 8.6  28.3 ID: 1 -4.13929 0.0279316 9.41035e-05 -1.27129e-07 8.7  19.6297 ID: 2 1.84007 0.0758735 -1.87206e-05 -6.46168e-07 6.3  47.5559 ID: 3 2.03121 0.100543 -0.000563309 2.59552e-06 6.1  67.1 
NO.: 35 Time: 0 4 19 875 ID: 0 -4.25414 0.0207967 0.000239473 -9.91103e-07 8.6  26 ID: 1 -4.17555 0.032123 6.45439e-05 -1.79785e-07 8.6  18.7892 ID: 2 1.84628 0.0764393 -7.18245e-05 -5.06829e-07 6.3  47.4453 ID: 3 1.96806 0.10819 -0.000764452 3.97e-06 6.1  70.2 
NO.: 36 Time: 0 4 19 925 ID: 4 -4.19966 0.0143716 0.000438193 -2.59082e-06 8.6  31.7 ID: 0 -4.10474 0.0286123 9.72659e-05 -2.51595e-07 8.6  18.4026 ID: 1 -1.21464 0.0376327 5.66915e-06 -1.30158e-08 11.5  23.9823 ID: 2 1.8279 0.0775005 -9.50993e-05 -4.12317e-07 6.2  47.9217 ID: 3 1.91208 0.119677 -0.00124209 8.27256e-06 6.1  68.8 
NO.: 37 Time: 0 4 19 975 ID: 4 -4.27095 0.0211243 0.000267495 -1.05823e-06 8.6  28.8 ID: 0 -4.17974 0.0349605 5.61105e-05 -8.98026e-08 8.6  18.3766 ID: 1 -1.23793 0.0397553 8.71962e-06 3.76139e-08 11.5  23.2191 ID: 2 1.82337 0.0776448 -6.5104e-05 -4.39083e-07 6.2  47.717 ID: 3 2.00563 0.108987 -0.000958027 6.27148e-06 6.1  65.9 
NO.: 38 Time: 0 4 20 25 ID: 4 -4.17857 0.0120813 0.000469727 -2.49951e-06 8.6  26.6 ID: 0 -4.09853 0.0241608 0.00013377 -2.32772e-07 8.6  18.3642 ID: 1 -1.22115 0.0392933 7.62724e-06 -5.6711e-08 11.5  23.2187 ID: 2 1.84924 0.0750572 -5.11853e-05 -5.14922e-07 6.2  47.7188 ID: 3 2.00164 0.108683 -0.00095668 6.31721e-06 6.1  65.3 
NO.: 39 Time: 0 4 20 75 ID: 0 -4.29695 0.0228607 0.000243665 -1.16139e-06 8.6  26.6 ID: 1 -4.18496 0.0378167 1.7024e-05 -1.25681e-07 8.6  18.0172 ID: 2 1.84367 0.075664 -3.97868e-05 -5.86092e-07 6.2  52.6499 ID: 3 1.98568 0.11201 -0.00100058 6.43502e-06 6.1  66.6 
NO.: 40 Time: 0 4 20 125 ID: 0 -4.20475 0.0111764 0.000589251 -4.00219e-06 8.6  27.9 ID: 1 -4.11548 0.0259869 0.000120606 -3.51151e-07 8.6  17.9856 ID: 2 1.85317 0.0756735 -6.27544e-05 -5.43139e-07 6.2  52.5165 ID: 3 1.97661 0.113036 -0.00102699 6.58005e-06 6.1  67.6 
NO.: 41 Time: 0 4 20 175 ID: 0 -4.22591 0.0152886 0.000271211 -9.63622e-07 8.8  27 ID: 1 -4.10409 0.0239463 0.00013321 -3.1441e-07 8.7  18.4078 ID: 2 1.85206 0.0758972 -8.02259e-05 -4.9507e-07 6.2  52.3455 ID: 3 2.05685 0.105081 -0.000867881 5.58082e-06 6.2  63.2 
NO.: 42 Time: 0 4 20 225 ID: 0 -4.159 0.0126443 0.000185664 -6.51556e-07 8.8  25.1 ID: 1 -4.08141 0.0208239 0.000160541 -4.70036e-07 8.6  18.7866 ID: 2 1.87036 0.0738547 -8.64574e-05 -4.50719e-07 6.2  52.871 ID: 3 2.18806 0.0906894 -0.000488286 2.60045e-06 6.1  64.6 
NO.: 43 Time: 0 4 20 275 ID: 4 -4.21947 0.0298531 0.000225059 -1.09894e-06 8.6  18.8065 ID: 0 -4.1473 0.00633497 0.000559058 -2.55605e-06 8.7  30.9 ID: 1 -1.28879 0.0432356 8.91789e-06 -5.90563e-08 11.5  23.6506 ID: 2 1.84185 0.0767412 -9.11227e-05 -4.51909e-07 6.2  52.9688 ID: 3 2.12868 0.095671 -0.000614869 3.55775e-06 6.1  63.6 
NO.: 44 Time: 0 4 20 325 ID: 4 -4.3113 0.0259257 0.000216307 -6.83054e-07 8.7  35 ID: 0 -4.15682 0.033336 8.79981e-05 -1.20983e-07 8.7  18.7968 ID: 1 -1.27293 0.0424739 8.87584e-06 1.84687e-08 11.5  24.3573 ID: 2 1.84073 0.0774258 -0.000117243 -4.14777e-07 6.2  52.8135 ID: 3 2.10096 0.0924589 -0.000381329 1.00152e-06 6.1  64.9 
NO.: 45 Time: 0 4 20 375 ID: 4 -4.29958 0.0319851 9.14118e-05 -9.94944e-08 12.3  19.5239 ID: 0 -4.28961 0.0221193 0.000263035 -9.60876e-07 8.7  35.2 ID: 1 -1.27134 0.0412108 1.25295e-05 4.10375e-08 11.5  24.7561 ID: 2 1.89818 0.0735705 -0.000190656 -4.37539e-08 6.2  52.2906 ID: 3 2.0495 0.0994815 -0.000586853 2.20051e-06 6.1  61.9 
NO.: 46 Time: 0 4 20 425 ID: 0 -4.20638 0.0136836 0.000462631 -2.36799e-06 8.7  31.5 ID: 1 -4.16981 0.0271487 0.000141943 -2.47708e-07 8.6  18.7811 ID: 2 1.86591 0.07553 -0.000134884 -2.97797e-07 6.2  52.8019 ID: 3 2.03736 0.0999114 -0.00060129 2.31106e-06 6.1  61.4 
NO.: 47 Time: 0 4 20 475 ID: 0 -4.22432 0.0186722 0.000205217 -4.55889e-07 8.7  28.7 ID: 1 -4.1019 0.0216713 0.000151129 -1.82821e-07 8.6  19.1322 ID: 2 1.83446 0.0767839 -8.44792e-05 -4.89119e-07 6.2  53.037 ID: 3 1.98677 0.107609 -0.000835048 4.36143e-06 6.1  64.1 
NO.: 48 Time: 0 4 20 525 ID: 0 -4.22622 0.0188564 0.000201462 -4.35329e-07 8.7  28.7 ID: 1 -4.16826 0.03701 4.00836e-05 -1.61512e-07 8.6  19.1675 ID: 2 1.81432 0.077644 -3.89411e-05 -6.16904e-07 6.2  53.1213 ID: 3 1.95507 0.10932 -0.000855172 4.7213e-06 6.1  68.6 
NO.: 49 Time: 0 4 20 575 ID: 0 -4.27314 0.0210151 0.000244332 -1.00555e-06 8.7  28.7 ID: 1 -4.24441 0.034908 4.43851e-05 -1.28395e-07 11.3  18.351 ID: 2 1.8614 0.0754904 -0.000131249 -3.24937e-07 6.2  53.0323 ID: 3 1.95008 0.108655 -0.000871896 4.88662e-06 6.1  64 
NO.: 50 Time: 0 4 20 625 ID: 0 -4.27601 0.0212963 0.000238562 -9.73821e-07 8.7  28.7 ID: 1 -4.10482 0.03009 5.0301e-05 -1.67007e-07 8.6  18.0046 ID: 2 1.83784 0.077496 -7.5688e-05 -5.1401e-07 6.2  52.6013 ID: 3 1.94569 0.110642 -0.000924075 5.38941e-06 6.1  63.3 
NO.: 51 Time: 0 4 20 675 ID: 0 -4.32027 0.0231838 0.000328042 -1.59008e-06 8.7  26.7 ID: 1 -4.21958 0.0409974 5.79531e-05 -3.51856e-07 8.6  18.0157 ID: 2 1.85225 0.0760063 -8.60951e-05 -4.64105e-07 6.2  52.6132 ID: 3 1.9713 0.108493 -0.000896195 5.3514e-06 6.1  62.8 
NO.: 52 Time: 0 4 20 725 ID: 0 -4.32444 0.0235935 0.000319621 -1.54373e-06 8.7  26.7 ID: 1 -4.29904 0.0494688 3.99646e-05 -3.14592e-07 8.6  18.403 ID: 2 1.84255 0.0764341 -7.048e-05 -5.08672e-07 6.2  53.2336 ID: 3 1.99123 0.106449 -0.000816143 4.70654e-06 6.1  62.9 
NO.: 53 Time: 0 4 20 775 ID: 0 -4.22014 0.0131004 0.000581662 -3.43602e-06 8.7  24.8 ID: 1 -4.17116 0.0311549 0.000124398 -2.822e-07 8.6  18.3714 ID: 2 1.83912 0.0765088 -5.33412e-05 -5.73168e-07 6.2  53.1639 ID: 3 2.13893 0.0933654 -0.000441076 1.7696e-06 6.1  62.3 
NO.: 54 Time: 0 4 20 825 ID: 0 -4.22834 0.0139093 0.000565 -3.34416e-06 8.7  24.8 ID: 1 -4.16672 0.0391171 2.94901e-05 -1.38915e-07 8.6  18.4017 ID: 2 1.82805 0.076933 -4.76405e-05 -5.81896e-07 6.2  53.2881 ID: 3 2.29145 0.0778115 -8.86884e-05 -2.34411e-07 6  64.9 
NO.: 55 Time: 0 4 20 875 ID: 0 -4.30343 0.0251222 0.000162865 -4.70018e-07 8.7  24.8 ID: 1 -4.11113 0.0266005 0.000130088 -2.86491e-07 8.6  18.7786 ID: 2 1.84514 0.0762146 -8.48947e-05 -5.2127e-07 6.2  52.7359 ID: 3 2.23468 0.0813949 -0.000152388 -3.10428e-08 6  65.1 
