ROS Lane Data Outputing...
==================================
No.: 1 Time: 0 5 20 725 ID: 1 -3.86996 0.0484982 2.54633e-05 2.33953e-08  8  22  ID: 2  1.84248  0.0555411  -1.97759e-05  1.76124e-08  6  39  ID: 0  -4.09267  0.0556913  -0.000150752  1.32079e-06  8  29  ID: 3  2.1539  0.0687592  -0.000678367  6.32897e-06  6  44
No.: 2 Time: 0 5 20 775 ID: 1 -3.88749 0.0526266 -7.50247e-06 2.11084e-08  8  21  ID: 2  1.85605  0.0535422  -6.31809e-06  -2.1506e-08  6  40  ID: 0  -4.06213  0.0509406  3.12092e-05  -3.10986e-07  8  31  ID: 3  2.09684  0.0720724  -0.000794826  7.29479e-06  6  46
No.: 3 Time: 0 5 20 825 ID: 1 -3.89005 0.0506087 2.47521e-05 5.74616e-08  8  22  ID: 2  1.86719  0.0534029  -5.35433e-06  1.46429e-07  6  43  ID: 0  -4.07482  0.0508469  6.55656e-05  -6.50792e-07  8  32  ID: 3  2.07637  0.0740568  -0.000831816  7.78522e-06  6  54
No.: 4 Time: 0 5 20 875 ID: 1 -3.88552 0.0507399 2.81178e-05 6.66901e-09  8  23  ID: 2  1.86744  0.0535949  -2.11448e-06  1.03085e-07  6  43  ID: 0  -4.08335  0.0529774  -7.06165e-06  -1.15043e-08  8  32  ID: 3  2.00502  0.0820555  -0.00110422  1.00497e-05  6  51
No.: 5 Time: 0 5 20 925 ID: 1 -3.90681 0.0516455 7.1027e-05 -2.46361e-07  8  29  ID: 2  1.85399  0.0702935  -3.28354e-05  -2.96444e-07  7  59  ID: 0  -4.08332  0.0529747  -7.00876e-06  -1.17858e-08  8  32  ID: 3  2.20775  0.0610578  -0.000166501  1.15539e-06  6  53
No.: 6 Time: 0 5 20 975 ID: 1 -3.9298 0.0424948 7.85698e-05 -3.11667e-09  8  26  ID: 2  1.87067  0.059221  -3.51066e-05  2.22953e-08  6  47  ID: 0  -4.07321  0.0486468  -1.64613e-06  3.14757e-07  8  34  ID: 3  2.11163  0.0730331  -0.000403365  2.54544e-06  6  52
No.: 7 Time: 0 5 21 25 ID: 1 -3.94221 0.0463128 5.24063e-05 -5.95984e-08  8  25  ID: 2  1.83823  0.0594855  -2.42878e-05  -1.16505e-07  6  47  ID: 0  -4.03036  0.0419404  0.000151675  -7.005e-07  8  32  ID: 3  1.99755  0.0881069  -0.000892765  6.57425e-06  6  51
No.: 8 Time: 0 5 21 75 ID: 1 -3.94688 0.0460747 5.25577e-05 8.13557e-08  8  25  ID: 2  1.86439  0.0577885  -3.87343e-05  1.72017e-07  6  43  ID: 0  -4.13928  0.0504698  4.64963e-05  -6.28159e-07  8  35  ID: 3  2.15469  0.0681349  -0.000380269  2.79941e-06  6  48
No.: 9 Time: 0 5 21 125 ID: 1 -3.9303 0.0428028 4.45266e-05 3.48213e-08  11  23  ID: 2  1.90387  0.0539522  -4.73075e-05  1.79461e-07  6  43  ID: 0  -4.14531  0.0537188  -9.58648e-05  5.92693e-07  8  35  ID: 3  2.12176  0.0722418  -0.000529141  4.0479e-06  6  47
No.: 10 Time: 0 5 21 175 ID: 1 -1.22406 0.0480745 1.85493e-05 7.38799e-08  11  19  ID: 2  1.86449  0.0584552  -3.73374e-05  -7.13005e-09  6  43  ID: 0  -3.98144  0.0476554  3.00116e-05  -7.20271e-11  11  23  ID: 3  2.30344  0.0549888  -4.56461e-05  4.42286e-07  6  46
No.: 11 Time: 0 5 21 225 ID: 1 -1.20254 0.0471807 1.60991e-05 6.77329e-08  10  19  ID: 2  1.88457  0.0553829  -4.44132e-05  9.71627e-08  6  43  ID: 0  -3.91334  0.0451116  3.15479e-05  4.44711e-08  8  25  ID: 3  2.30144  0.0579744  -0.000162079  1.3258e-06  6  45
No.: 12 Time: 0 5 21 275 ID: 1 -1.22362 0.0478668 1.14189e-05 4.89025e-08  10  18  ID: 2  1.85792  0.0578697  -3.91634e-05  -5.77453e-08  6  43  ID: 0  -3.9251  0.0454457  3.25197e-05  4.89822e-09  8  23  ID: 3  2.28342  0.0596944  -0.000232485  1.8703e-06  6  47
No.: 13 Time: 0 5 21 325 ID: 1 -1.23125 0.0496058 -2.44199e-06 7.07439e-08  10  18  ID: 2  1.88222  0.0557842  -4.53122e-05  5.31716e-08  6  43  ID: 0  -3.93046  0.0452243  3.99513e-05  -4.44424e-08  8  22  ID: 3  2.32207  0.0581347  -0.00023174  2.04651e-06  6  45
No.: 14 Time: 0 5 21 375 ID: 1 -1.38856 0.068631 -7.02351e-05 1.69035e-07  10  19  ID: 2  1.84552  0.0580466  1.46618e-05  4.2728e-08  6  39  ID: 0  -4.00812  0.0549235  4.49509e-05  -3.61735e-08  8  23  ID: 3  2.34467  0.0551938  -0.000232704  2.72608e-06  6  42
No.: 15 Time: 0 5 21 425 ID: 1 -0.552226 0.0292263 0.000120775 -1.80967e-07  13  20  ID: 2  1.86999  0.0566763  -2.24312e-05  5.52699e-08  6  39  ID: 0  -3.97912  0.0487743  4.02482e-05  -2.18222e-08  10  22  ID: 3  2.20588  0.0675638  -0.000550091  5.0092e-06  6  41
No.: 16 Time: 0 5 21 475 ID: 1 -0.742647 0.0442169 8.88134e-05 -2.95904e-07  13  20  ID: 2  1.89002  0.0542352  -2.97153e-05  1.1388e-07  6  39  ID: 0  -3.91057  0.0457134  3.47611e-05  4.85482e-08  8  22  ID: 3  2.093  0.0777491  -0.000852581  7.21253e-06  6  41
No.: 17 Time: 0 5 21 525 ID: 1 -0.751374 0.0454872 5.08823e-05 -1.60238e-07  13  19  ID: 2  1.87707  0.055668  -5.01408e-05  8.7261e-08  6  40  ID: 0  -3.90142  0.0443159  4.03726e-05  -2.05202e-08  8  22  ID: 3  2.04959  0.0846842  -0.00108205  8.96141e-06  6  41
No.: 18 Time: 0 5 21 575 ID: 1 -1.35529 0.0625258 -6.01786e-05 1.8728e-07  11  19  ID: 2  1.86213  0.0607429  -2.43391e-05  -7.45197e-09  6  43  ID: 0  -3.96073  0.0517784  5.91508e-05  -2.05185e-07  8  23  ID: 3  2.07103  0.0850824  -0.000924179  7.44027e-06  6  41
No.: 19 Time: 0 5 21 625 ID: 1 -1.26027 0.0477475 1.52511e-05 5.30521e-09  11  19  ID: 2  1.87296  0.0595304  -5.48962e-05  -6.50103e-08  6  40  ID: 0  -3.95943  0.0449994  3.76472e-05  -3.52189e-08  8  22  ID: 3  2.01491  0.0876043  -0.000944993  7.18617e-06  6  42
No.: 20 Time: 0 5 21 675 ID: 1 -1.28319 0.0522885 7.28278e-06 1.33487e-09  11  19  ID: 2  1.86935  0.0601834  -3.67171e-05  -6.28537e-08  6  39  ID: 0  -4.0012  0.0454264  6.17287e-05  -7.76942e-08  9  22  ID: 3  1.95316  0.0926826  -0.00102085  7.50285e-06  6  43
No.: 21 Time: 0 5 21 725 ID: 1 -1.24422 0.0490647 1.18284e-05 -4.8502e-08  11  20  ID: 2  1.86617  0.0596799  -6.15243e-05  -4.85543e-08  6  40  ID: 0  -3.97261  0.0443759  5.42926e-05  -1.37182e-07  8  21  ID: 3  2.02039  0.0884595  -0.00103733  8.14427e-06  6  41
No.: 22 Time: 0 5 21 775 ID: 1 -1.2079 0.0452361 1.11985e-05 -3.21001e-08  11  20  ID: 2  1.89927  0.0574178  -7.8541e-05  1.0066e-08  6  40  ID: 0  -3.9461  0.0433673  2.46188e-05  -4.89014e-08  8  22  ID: 3  2.15736  0.0727896  -0.000619414  4.68982e-06  6  39
No.: 23 Time: 0 5 21 825 ID: 1 -1.21919 0.046026 1.27587e-05 -2.80341e-08  11  19  ID: 2  1.85668  0.0596392  -5.56313e-05  -2.01193e-07  6  39  ID: 0  -3.9658  0.045717  2.85474e-05  -1.45534e-07  8  21  ID: 3  2.08503  0.0781683  -0.000639946  4.26914e-06  6  44
No.: 24 Time: 0 5 21 875 ID: 1 -1.21108 0.0473801 -2.01184e-06 -2.3062e-08  11  19  ID: 2  1.88577  0.0571997  -6.20582e-05  -7.05531e-08  6  39  ID: 0  -3.86127  0.0316091  0.000294181  -1.57306e-06  8  41  ID: 3  2.18448  0.0749717  -0.000604836  4.19009e-06  6  43
No.: 25 Time: 0 5 21 925 ID: 1 -1.25206 0.0493471 -1.4486e-05 2.18432e-09  7  19  ID: 2  1.86468  0.0593777  -6.41762e-05  -1.46996e-07  6  39  ID: 0  -3.91076  0.0368984  0.000160874  -7.58754e-07  8  41  ID: 3  2.20836  0.0713542  -0.00052489  3.61929e-06  6  45
No.: 26 Time: 0 5 21 975 ID: 1 -1.24524 0.0506647 -2.18665e-06 -4.52837e-08  11  19  ID: 2  1.88668  0.056745  -4.73748e-05  -2.51066e-08  6  39  ID: 0  -3.93966  0.0464239  2.41219e-05  -4.66957e-08  8  22  ID: 3  2.3327  0.0557788  -0.000127443  9.69813e-07  6  43
No.: 27 Time: 0 5 22 25 ID: 1 -1.26124 0.0507656 -1.8781e-06 -6.78452e-08  11  19  ID: 2  1.89677  0.055399  -4.04412e-05  -1.51224e-08  6  40  ID: 0  -4.01424  0.0398452  0.000140386  -6.54677e-07  8  32  ID: 3  2.19329  0.0700068  -0.000673528  5.84041e-06  6  41
No.: 28 Time: 0 5 22 75 ID: 1 -1.21277 0.0477881 8.4072e-06 -5.37677e-08  11  19  ID: 2  1.86717  0.0586605  -5.83922e-05  -1.03426e-07  6  40  ID: 0  -3.93538  0.0447303  3.14771e-05  -8.65913e-08  10  21  ID: 3  2.43178  0.0480595  -4.1318e-05  9.89471e-07  6  43
No.: 29 Time: 0 5 22 125 ID: 1 -1.19813 0.0455326 7.0219e-06 -4.91129e-09  11  19  ID: 2  1.86846  0.0592324  -6.52611e-05  -1.50673e-07  6  40  ID: 0  -3.92851  0.0422576  3.49094e-05  -6.07637e-08  10  21  ID: 3  2.34269  0.0548542  -0.000179283  1.67247e-06  6  42
No.: 30 Time: 0 5 22 175 ID: 1 -1.18585 0.0442977 5.29856e-06 5.19749e-09  11  19  ID: 2  1.86731  0.0601866  -8.50373e-05  -1.09773e-07  6  39  ID: 0  -3.90451  0.0385598  5.71935e-05  -1.16622e-07  8  20  ID: 3  2.14964  0.064178  -0.000203415  7.01862e-07  6  46
No.: 31 Time: 0 5 22 225 ID: 1 -1.20675 0.0449706 9.75545e-06 -2.52708e-09  11  20  ID: 2  1.88532  0.0572958  -7.21912e-05  -5.82989e-09  6  40  ID: 0  -3.91528  0.0429364  2.75112e-05  -3.6035e-08  9  20  ID: 3  2.22093  0.061116  -0.00022041  1.13755e-06  6  46
No.: 32 Time: 0 5 22 275 ID: 1 -1.29328 0.0514788 1.32022e-06 1.42486e-08  11  19  ID: 2  1.86659  0.0582624  -4.41115e-05  6.12374e-09  6  39  ID: 0  -4.00414  0.0490187  1.93146e-05  -9.29936e-09  9  20  ID: 3  2.0569  0.0839668  -0.000833754  5.80072e-06  6  46
No.: 33 Time: 0 5 22 325 ID: 1 -1.23325 0.0464062 7.67229e-06 -1.4472e-08  11  19  ID: 2  1.8793  0.058619  -7.25876e-05  -4.9873e-08  6  39  ID: 0  -3.94588  0.0579126  -0.000231066  1.4157e-06  8  28  ID: 3  1.99113  0.0914963  -0.00105064  7.45849e-06  6  46
No.: 34 Time: 0 5 22 375 ID: 1 -1.22365 0.0479851 3.02722e-06 1.96084e-08  11  19  ID: 2  1.85714  0.0595454  -5.27232e-05  -1.41866e-07  6  39  ID: 0  -3.93333  0.0471873  4.399e-06  -7.62978e-08  8  26  ID: 3  2.12269  0.0793331  -0.000772111  5.94918e-06  6  44
No.: 35 Time: 0 5 22 425 ID: 1 -1.20494 0.0467221 1.26912e-05 -2.46185e-08  11  19  ID: 2  1.89275  0.0569246  -6.63102e-05  5.72312e-08  6  37  ID: 0  -3.91945  0.0409021  5.22516e-05  -3.64064e-08  8  19  ID: 3  2.05544  0.0874019  -0.0010832  8.54274e-06  6  41
No.: 36 Time: 0 5 22 475 ID: 1 -1.1989 0.045535 9.9672e-06 -1.28962e-08  11  18  ID: 2  1.87906  0.0579181  -6.60647e-05  -5.51231e-08  6  36  ID: 0  -3.90253  0.040242  5.49761e-05  -9.26504e-08  8  20  ID: 3  1.9397  0.0956935  -0.00113191  8.12339e-06  6  43
No.: 37 Time: 0 5 22 525 ID: 1 -1.18317 0.0448705 6.75124e-06 1.99186e-08  11  18  ID: 2  1.87302  0.0588846  -7.83006e-05  -8.20718e-08  6  36  ID: 0  -3.93049  0.0412791  4.31227e-05  -7.75108e-08  9  19  ID: 3  2.01734  0.0877856  -0.000883558  6.10826e-06  6  44
No.: 38 Time: 0 5 22 575 ID: 1 -1.19488 0.0460492 4.72496e-06 6.39167e-09  11  18  ID: 2  1.87353  0.0587077  -6.59214e-05  -1.05376e-07  6  36  ID: 0  -3.90994  0.0419807  3.69244e-05  -4.00793e-08  8  20  ID: 3  2.29936  0.0625437  -0.00034548  2.82038e-06  6  46
No.: 39 Time: 0 5 22 625 ID: 1 -1.2157 0.0473945 1.5087e-06 7.03964e-09  11  18  ID: 2  1.85928  0.0604045  -7.07553e-05  -1.00827e-07  6  36  ID: 0  -3.95988  0.0455274  1.12209e-05  1.44419e-08  9  20  ID: 3  2.16368  0.0807228  -0.00083525  6.56894e-06  6  42
No.: 40 Time: 0 5 22 675 ID: 1 -1.2261 0.0482544 2.72703e-08 4.2412e-08  11  18  ID: 2  1.8765  0.0585507  -6.29571e-05  -5.89036e-09  6  34  ID: 0  -3.96726  0.0460193  2.00369e-05  1.1227e-09  8  20  ID: 3  2.20631  0.0753367  -0.000629322  4.69993e-06  6  39
No.: 41 Time: 0 5 22 725 ID: 1 -1.24889 0.0499278 -8.42094e-06 3.01815e-08  11  18  ID: 2  1.88379  0.0577334  -5.82613e-05  -1.49515e-08  6  34  ID: 0  -3.9652  0.0443291  4.63222e-05  -1.12215e-07  8  19  ID: 3  2.15371  0.0808771  -0.000829083  6.24293e-06  6  40
No.: 42 Time: 0 5 22 775 ID: 1 -1.22675 0.0510546 3.25917e-06 1.27438e-08  10  18  ID: 2  1.85071  0.0558619  -2.47583e-05  -3.25998e-08  6  34  ID: 0  -3.89863  0.0503353  9.59321e-06  -4.70854e-09  8  20  ID: 3  2.34346  0.059732  -0.000370219  3.58066e-06  6  42
No.: 43 Time: 0 5 22 825 ID: 1 -1.24923 0.0518739 8.40695e-06 1.71965e-09  10  18  ID: 2  1.85756  0.0560163  -1.23244e-05  -3.77062e-08  6  34  ID: 0  -3.95416  0.0513774  1.3267e-05  -1.22506e-08  8  20  ID: 3  2.30914  0.0599137  -0.000354951  3.33489e-06  6  41
No.: 44 Time: 0 5 22 875 ID: 1 -1.16082 0.0409168 2.62022e-05 -4.35788e-08  11  18  ID: 2  1.8951  0.0542787  -6.55086e-05  -4.07186e-08  6  34  ID: 0  -3.89814  0.0428811  9.09887e-06  -1.47195e-08  11  19  ID: 3  2.20365  0.0677215  -0.000551473  4.51087e-06  6  41
No.: 45 Time: 0 5 22 925 ID: 1 -1.20818 0.047252 4.15559e-06 -1.28689e-08  11  19  ID: 2  1.86861  0.0564653  -5.90738e-05  -5.47103e-09  6  34  ID: 0  -3.92155  0.0459022  1.65892e-05  -4.8857e-08  9  18  ID: 3  2.08087  0.0818055  -0.000983161  7.94416e-06  6  42
No.: 46 Time: 0 5 22 975 ID: 1 -1.19864 0.0485023 5.82036e-06 3.26911e-08  10  18  ID: 2  1.87447  0.0534678  -3.56808e-05  7.65748e-08  6  34  ID: 0  -3.87406  0.0515842  -1.19914e-05  1.35934e-08  8  19  ID: 3  2.08222  0.0791829  -0.000871551  7.02841e-06  6  41
No.: 47 Time: 0 5 23 25 ID: 1 -1.22907 0.0488835 -5.75291e-07 2.98143e-08  10  19  ID: 2  1.86538  0.05571  -3.67817e-05  -3.59578e-08  6  34  ID: 0  -3.85647  0.0434919  3.67452e-05  -1.35872e-09  10  20  ID: 3  2.05382  0.0797896  -0.000808576  6.34577e-06  6  42
No.: 48 Time: 0 5 23 75 ID: 1 -1.2297 0.0494697 1.21161e-05 6.4409e-08  10  18  ID: 2  1.86304  0.0562585  -2.9356e-05  4.2191e-08  6  37  ID: 0  -3.88924  0.0479018  2.13775e-05  6.10723e-08  8  20  ID: 3  2.03304  0.0810449  -0.000893417  7.27724e-06  6  43
No.: 49 Time: 0 5 23 125 ID: 1 -1.23057 0.0503539 1.4926e-05 4.13056e-08  10  18  ID: 2  1.86555  0.0564765  -3.29271e-05  8.77869e-08  6  36  ID: 0  -3.90764  0.0504933  1.32794e-05  3.92098e-08  8  20  ID: 3  2.12738  0.0703935  -0.000596412  4.98511e-06  6  41
No.: 50 Time: 0 5 23 175 ID: 1 -3.92049 0.0547904 1.43572e-05 5.87544e-09  8  20  ID: 2  1.86859  0.0531341  -5.13977e-06  1.95283e-07  6  34  ID: 0  -4.07301  0.05023  1.47582e-05  2.10129e-07  8  32  ID: 3  2.04449  0.0782371  -0.000688736  5.20292e-06  6  42
No.: 51 Time: 0 5 23 225 ID: 1 -3.88784 0.0496655 3.89321e-05 1.15961e-07  8  20  ID: 2  1.85453  0.0539483  8.16416e-06  1.52975e-07  6  36  ID: 0  -4.12808  0.0582601  -0.000204565  1.85505e-06  8  32  ID: 3  2.27477  0.0586426  -0.000282484  2.95989e-06  6  41
No.: 52 Time: 0 5 23 275 ID: 1 -3.90564 0.0528763 1.58596e-05 6.673e-08  8  21  ID: 2  1.87854  0.0519157  -1.73176e-06  2.22755e-07  6  36  ID: 0  -4.1727  0.0627746  -0.000232606  1.6426e-06  8  33  ID: 3  2.11813  0.0768484  -0.000898887  7.99704e-06  6  44
No.: 53 Time: 0 5 23 325 ID: 1 -3.90224 0.0517882 1.43843e-05 9.50122e-08  9  21  ID: 2  1.8616  0.0538201  -1.31369e-05  1.7419e-07  6  36  ID: 0  -4.08971  0.0535047  -2.64872e-05  3.30379e-07  8  30  ID: 3  2.18546  0.0639721  -0.000468075  4.27021e-06  6  46
No.: 54 Time: 0 5 23 375 ID: 1 -3.90222 0.0539371 1.94398e-06 4.27729e-08  8  21  ID: 2  1.83997  0.0554176  -3.20868e-06  1.84388e-08  6  37  ID: 0  -4.06218  0.0496768  0.000113885  -8.56755e-07  8  31  ID: 3  2.2059  0.0638678  -0.000600561  6.05023e-06  6  51
No.: 55 Time: 0 5 23 425 ID: 1 -3.863 0.0487109 3.12425e-05 -3.3962e-08  8  21  ID: 2  1.85376  0.0542782  -1.77173e-05  5.48055e-08  6  39  ID: 0  -4.11083  0.0565565  -8.10507e-05  4.87843e-07  8  32  ID: 3  2.28429  0.05639  -0.000443731  4.96884e-06  6  50
