Determining if the pthread_create exist failed with the following output:
Change Dir: /home/ubuntu/AutoAx7/ShuaiKe_Sensor/ros_cam/build/CMakeFiles/CMakeTmp

Run Build Command:"/usr/bin/make" "cmTC_0b13c/fast"
/usr/bin/make -f CMakeFiles/cmTC_0b13c.dir/build.make CMakeFiles/cmTC_0b13c.dir/build
make[1]: Entering directory '/home/ubuntu/AutoAx7/ShuaiKe_Sensor/ros_cam/build/CMakeFiles/CMakeTmp'
Building C object CMakeFiles/cmTC_0b13c.dir/CheckSymbolExists.c.o
/usr/bin/cc     -o CMakeFiles/cmTC_0b13c.dir/CheckSymbolExists.c.o   -c /home/ubuntu/AutoAx7/ShuaiKe_Sensor/ros_cam/build/CMakeFiles/CMakeTmp/CheckSymbolExists.c
Linking C executable cmTC_0b13c
/usr/bin/cmake -E cmake_link_script CMakeFiles/cmTC_0b13c.dir/link.txt --verbose=1
/usr/bin/cc       CMakeFiles/cmTC_0b13c.dir/CheckSymbolExists.c.o  -o cmTC_0b13c -rdynamic 
CMakeFiles/cmTC_0b13c.dir/CheckSymbolExists.c.o: In function `main':
CheckSymbolExists.c:(.text+0x14): undefined reference to `pthread_create'
CheckSymbolExists.c:(.text+0x18): undefined reference to `pthread_create'
collect2: error: ld returned 1 exit status
CMakeFiles/cmTC_0b13c.dir/build.make:97: recipe for target 'cmTC_0b13c' failed
make[1]: *** [cmTC_0b13c] Error 1
make[1]: Leaving directory '/home/ubuntu/AutoAx7/ShuaiKe_Sensor/ros_cam/build/CMakeFiles/CMakeTmp'
Makefile:126: recipe for target 'cmTC_0b13c/fast' failed
make: *** [cmTC_0b13c/fast] Error 2

File /home/ubuntu/AutoAx7/ShuaiKe_Sensor/ros_cam/build/CMakeFiles/CMakeTmp/CheckSymbolExists.c:
/* */
#include <pthread.h>

int main(int argc, char** argv)
{
  (void)argv;
#ifndef pthread_create
  return ((int*)(&pthread_create))[argc];
#else
  (void)argc;
  return 0;
#endif
}

Determining if the function pthread_create exists in the pthreads failed with the following output:
Change Dir: /home/ubuntu/AutoAx7/ShuaiKe_Sensor/ros_cam/build/CMakeFiles/CMakeTmp

Run Build Command:"/usr/bin/make" "cmTC_70274/fast"
/usr/bin/make -f CMakeFiles/cmTC_70274.dir/build.make CMakeFiles/cmTC_70274.dir/build
make[1]: Entering directory '/home/ubuntu/AutoAx7/ShuaiKe_Sensor/ros_cam/build/CMakeFiles/CMakeTmp'
Building C object CMakeFiles/cmTC_70274.dir/CheckFunctionExists.c.o
/usr/bin/cc    -DCHECK_FUNCTION_EXISTS=pthread_create   -o CMakeFiles/cmTC_70274.dir/CheckFunctionExists.c.o   -c /usr/share/cmake-3.5/Modules/CheckFunctionExists.c
Linking C executable cmTC_70274
/usr/bin/cmake -E cmake_link_script CMakeFiles/cmTC_70274.dir/link.txt --verbose=1
/usr/bin/cc   -DCHECK_FUNCTION_EXISTS=pthread_create    CMakeFiles/cmTC_70274.dir/CheckFunctionExists.c.o  -o cmTC_70274 -rdynamic -lpthreads 
/usr/bin/ld: cannot find -lpthreads
collect2: error: ld returned 1 exit status
CMakeFiles/cmTC_70274.dir/build.make:97: recipe for target 'cmTC_70274' failed
make[1]: *** [cmTC_70274] Error 1
make[1]: Leaving directory '/home/ubuntu/AutoAx7/ShuaiKe_Sensor/ros_cam/build/CMakeFiles/CMakeTmp'
Makefile:126: recipe for target 'cmTC_70274/fast' failed
make: *** [cmTC_70274/fast] Error 2


